mode: set
github.com/temporalio/temporal-cloud-offering/billing-service/api_keys.go:26.79,29.16 3 0
github.com/temporalio/temporal-cloud-offering/billing-service/api_keys.go:29.16,32.3 2 0
github.com/temporalio/temporal-cloud-offering/billing-service/api_keys.go:34.2,35.61 2 0
github.com/temporalio/temporal-cloud-offering/billing-service/api_keys.go:35.61,38.3 2 0
github.com/temporalio/temporal-cloud-offering/billing-service/api_keys.go:40.2,40.20 1 0
github.com/temporalio/temporal-cloud-offering/billing-service/api_keys.go:40.20,43.3 2 0
github.com/temporalio/temporal-cloud-offering/billing-service/api_keys.go:46.2,47.25 2 0
github.com/temporalio/temporal-cloud-offering/billing-service/api_keys.go:47.25,49.24 2 0
github.com/temporalio/temporal-cloud-offering/billing-service/api_keys.go:50.14,51.34 1 0
github.com/temporalio/temporal-cloud-offering/billing-service/api_keys.go:52.14,53.34 1 0
github.com/temporalio/temporal-cloud-offering/billing-service/api_keys.go:54.13,55.35 1 0
github.com/temporalio/temporal-cloud-offering/billing-service/api_keys.go:56.11,58.18 2 0
github.com/temporalio/temporal-cloud-offering/billing-service/api_keys.go:58.18,61.5 2 0
github.com/temporalio/temporal-cloud-offering/billing-service/api_keys.go:63.3,64.17 2 0
github.com/temporalio/temporal-cloud-offering/billing-service/api_keys.go:68.2,68.26 1 0
github.com/temporalio/temporal-cloud-offering/billing-service/api_keys.go:68.26,70.3 1 0
github.com/temporalio/temporal-cloud-offering/billing-service/api_keys.go:73.2,74.16 2 0
github.com/temporalio/temporal-cloud-offering/billing-service/api_keys.go:74.16,77.3 2 0
github.com/temporalio/temporal-cloud-offering/billing-service/api_keys.go:79.2,84.4 3 0
github.com/temporalio/temporal-cloud-offering/billing-service/api_keys.go:88.78,91.16 3 0
github.com/temporalio/temporal-cloud-offering/billing-service/api_keys.go:91.16,94.3 2 0
github.com/temporalio/temporal-cloud-offering/billing-service/api_keys.go:96.2,99.16 2 0
github.com/temporalio/temporal-cloud-offering/billing-service/api_keys.go:99.16,102.3 2 0
github.com/temporalio/temporal-cloud-offering/billing-service/api_keys.go:103.2,106.18 3 0
github.com/temporalio/temporal-cloud-offering/billing-service/api_keys.go:106.18,109.78 2 0
github.com/temporalio/temporal-cloud-offering/billing-service/api_keys.go:109.78,110.12 1 0
github.com/temporalio/temporal-cloud-offering/billing-service/api_keys.go:112.3,112.27 1 0
github.com/temporalio/temporal-cloud-offering/billing-service/api_keys.go:115.2,116.33 2 0
github.com/temporalio/temporal-cloud-offering/billing-service/api_keys.go:120.79,123.16 3 0
github.com/temporalio/temporal-cloud-offering/billing-service/api_keys.go:123.16,126.3 2 0
github.com/temporalio/temporal-cloud-offering/billing-service/api_keys.go:128.2,130.16 2 0
github.com/temporalio/temporal-cloud-offering/billing-service/api_keys.go:130.16,133.3 2 0
github.com/temporalio/temporal-cloud-offering/billing-service/api_keys.go:135.2,135.32 1 0
github.com/temporalio/temporal-cloud-offering/billing-service/api_keys.go:135.32,138.3 2 0
github.com/temporalio/temporal-cloud-offering/billing-service/api_keys.go:140.2,140.37 1 0
github.com/temporalio/temporal-cloud-offering/billing-service/auth.go:36.58,38.2 1 0
github.com/temporalio/temporal-cloud-offering/billing-service/auth.go:41.71,42.71 1 0
github.com/temporalio/temporal-cloud-offering/billing-service/auth.go:42.71,44.94 1 0
github.com/temporalio/temporal-cloud-offering/billing-service/auth.go:44.94,47.4 2 0
github.com/temporalio/temporal-cloud-offering/billing-service/auth.go:50.3,51.23 2 0
github.com/temporalio/temporal-cloud-offering/billing-service/auth.go:51.23,54.4 1 0
github.com/temporalio/temporal-cloud-offering/billing-service/auth.go:56.3,56.23 1 0
github.com/temporalio/temporal-cloud-offering/billing-service/auth.go:56.23,59.4 2 0
github.com/temporalio/temporal-cloud-offering/billing-service/auth.go:62.3,63.47 2 0
github.com/temporalio/temporal-cloud-offering/billing-service/auth.go:63.47,65.4 1 0
github.com/temporalio/temporal-cloud-offering/billing-service/auth.go:68.3,69.17 2 0
github.com/temporalio/temporal-cloud-offering/billing-service/auth.go:69.17,72.4 2 0
github.com/temporalio/temporal-cloud-offering/billing-service/auth.go:75.3,76.40 2 0
github.com/temporalio/temporal-cloud-offering/billing-service/auth.go:81.93,84.40 2 0
github.com/temporalio/temporal-cloud-offering/billing-service/auth.go:84.40,86.3 1 0
github.com/temporalio/temporal-cloud-offering/billing-service/auth.go:88.2,97.16 6 0
github.com/temporalio/temporal-cloud-offering/billing-service/auth.go:97.16,99.3 1 0
github.com/temporalio/temporal-cloud-offering/billing-service/auth.go:102.2,102.54 1 0
github.com/temporalio/temporal-cloud-offering/billing-service/auth.go:102.54,104.3 1 0
github.com/temporalio/temporal-cloud-offering/billing-service/auth.go:107.2,107.12 1 0
github.com/temporalio/temporal-cloud-offering/billing-service/auth.go:107.12,110.3 1 0
github.com/temporalio/temporal-cloud-offering/billing-service/auth.go:112.2,112.19 1 0
github.com/temporalio/temporal-cloud-offering/billing-service/auth.go:116.133,119.50 2 0
github.com/temporalio/temporal-cloud-offering/billing-service/auth.go:119.50,121.3 1 0
github.com/temporalio/temporal-cloud-offering/billing-service/auth.go:124.2,144.16 7 0
github.com/temporalio/temporal-cloud-offering/billing-service/auth.go:144.16,146.3 1 0
github.com/temporalio/temporal-cloud-offering/billing-service/auth.go:148.2,148.29 1 0
github.com/temporalio/temporal-cloud-offering/billing-service/auth.go:152.36,155.2 2 1
github.com/temporalio/temporal-cloud-offering/billing-service/auth.go:158.64,160.9 2 0
github.com/temporalio/temporal-cloud-offering/billing-service/auth.go:160.9,162.3 1 0
github.com/temporalio/temporal-cloud-offering/billing-service/auth.go:163.2,163.14 1 0
github.com/temporalio/temporal-cloud-offering/billing-service/main.go:19.13,25.17 3 0
github.com/temporalio/temporal-cloud-offering/billing-service/main.go:25.17,27.3 1 0
github.com/temporalio/temporal-cloud-offering/billing-service/main.go:29.2,30.16 2 0
github.com/temporalio/temporal-cloud-offering/billing-service/main.go:30.16,32.3 1 0
github.com/temporalio/temporal-cloud-offering/billing-service/main.go:33.2,45.71 5 0
github.com/temporalio/temporal-cloud-offering/billing-service/main.go:45.71,48.3 2 0
github.com/temporalio/temporal-cloud-offering/billing-service/main.go:51.2,51.72 1 0
github.com/temporalio/temporal-cloud-offering/billing-service/main.go:51.72,55.3 3 0
github.com/temporalio/temporal-cloud-offering/billing-service/main.go:58.2,64.40 3 0
github.com/temporalio/temporal-cloud-offering/billing-service/main.go:64.40,66.3 1 0
github.com/temporalio/temporal-cloud-offering/billing-service/main.go:69.2,105.16 17 0
github.com/temporalio/temporal-cloud-offering/billing-service/main.go:105.16,107.3 1 0
github.com/temporalio/temporal-cloud-offering/billing-service/main.go:109.2,117.12 2 0
github.com/temporalio/temporal-cloud-offering/billing-service/main.go:117.12,119.63 2 0
github.com/temporalio/temporal-cloud-offering/billing-service/main.go:119.63,121.4 1 0
github.com/temporalio/temporal-cloud-offering/billing-service/main.go:124.2,131.41 7 0
github.com/temporalio/temporal-cloud-offering/billing-service/pricing.go:86.50,88.2 1 0
github.com/temporalio/temporal-cloud-offering/billing-service/pricing.go:91.137,96.16 3 0
github.com/temporalio/temporal-cloud-offering/billing-service/pricing.go:96.16,98.3 1 0
github.com/temporalio/temporal-cloud-offering/billing-service/pricing.go:100.2,101.9 2 0
github.com/temporalio/temporal-cloud-offering/billing-service/pricing.go:101.9,103.3 1 0
github.com/temporalio/temporal-cloud-offering/billing-service/pricing.go:106.2,117.16 4 0
github.com/temporalio/temporal-cloud-offering/billing-service/pricing.go:117.16,119.3 1 0
github.com/temporalio/temporal-cloud-offering/billing-service/pricing.go:121.2,130.41 2 0
github.com/temporalio/temporal-cloud-offering/billing-service/pricing.go:130.41,133.33 3 0
github.com/temporalio/temporal-cloud-offering/billing-service/pricing.go:133.33,135.4 1 0
github.com/temporalio/temporal-cloud-offering/billing-service/pricing.go:136.3,138.46 3 0
github.com/temporalio/temporal-cloud-offering/billing-service/pricing.go:142.2,153.18 8 0
github.com/temporalio/temporal-cloud-offering/billing-service/pricing.go:174.90,180.16 3 0
github.com/temporalio/temporal-cloud-offering/billing-service/pricing.go:180.16,182.3 1 0
github.com/temporalio/temporal-cloud-offering/billing-service/pricing.go:184.2,184.28 1 0
github.com/temporalio/temporal-cloud-offering/billing-service/pricing.go:184.28,186.3 1 0
github.com/temporalio/temporal-cloud-offering/billing-service/pricing.go:189.2,189.28 1 0
github.com/temporalio/temporal-cloud-offering/billing-service/pricing.go:189.28,196.17 2 0
github.com/temporalio/temporal-cloud-offering/billing-service/pricing.go:196.17,198.4 1 0
github.com/temporalio/temporal-cloud-offering/billing-service/pricing.go:201.2,201.33 1 0
github.com/temporalio/temporal-cloud-offering/billing-service/pricing.go:201.33,208.17 2 0
github.com/temporalio/temporal-cloud-offering/billing-service/pricing.go:208.17,210.4 1 0
github.com/temporalio/temporal-cloud-offering/billing-service/pricing.go:213.2,213.33 1 0
github.com/temporalio/temporal-cloud-offering/billing-service/pricing.go:213.33,220.17 2 0
github.com/temporalio/temporal-cloud-offering/billing-service/pricing.go:220.17,222.4 1 0
github.com/temporalio/temporal-cloud-offering/billing-service/pricing.go:225.2,225.35 1 0
github.com/temporalio/temporal-cloud-offering/billing-service/pricing.go:225.35,232.17 2 0
github.com/temporalio/temporal-cloud-offering/billing-service/pricing.go:232.17,234.4 1 0
github.com/temporalio/temporal-cloud-offering/billing-service/pricing.go:238.2,243.16 2 0
github.com/temporalio/temporal-cloud-offering/billing-service/pricing.go:243.16,245.3 1 0
github.com/temporalio/temporal-cloud-offering/billing-service/pricing.go:248.2,255.16 3 0
github.com/temporalio/temporal-cloud-offering/billing-service/pricing.go:255.16,257.3 1 0
github.com/temporalio/temporal-cloud-offering/billing-service/pricing.go:259.2,259.12 1 0
github.com/temporalio/temporal-cloud-offering/billing-service/pricing.go:263.67,276.16 6 0
github.com/temporalio/temporal-cloud-offering/billing-service/pricing.go:276.16,278.3 1 0
github.com/temporalio/temporal-cloud-offering/billing-service/pricing.go:279.2,282.18 3 0
github.com/temporalio/temporal-cloud-offering/billing-service/pricing.go:282.18,284.43 2 0
github.com/temporalio/temporal-cloud-offering/billing-service/pricing.go:284.43,285.12 1 0
github.com/temporalio/temporal-cloud-offering/billing-service/pricing.go:288.3,289.17 2 0
github.com/temporalio/temporal-cloud-offering/billing-service/pricing.go:289.17,292.12 3 0
github.com/temporalio/temporal-cloud-offering/billing-service/pricing.go:295.3,295.26 1 0
github.com/temporalio/temporal-cloud-offering/billing-service/pricing.go:295.26,296.61 1 0
github.com/temporalio/temporal-cloud-offering/billing-service/pricing.go:296.61,299.13 3 0
github.com/temporalio/temporal-cloud-offering/billing-service/pricing.go:303.3,303.14 1 0
github.com/temporalio/temporal-cloud-offering/billing-service/pricing.go:306.2,307.12 2 0
github.com/temporalio/temporal-cloud-offering/billing-service/service.go:26.58,28.2 1 0
github.com/temporalio/temporal-cloud-offering/billing-service/service.go:89.85,94.61 2 0
github.com/temporalio/temporal-cloud-offering/billing-service/service.go:94.61,97.3 2 0
github.com/temporalio/temporal-cloud-offering/billing-service/service.go:100.2,105.16 3 0
github.com/temporalio/temporal-cloud-offering/billing-service/service.go:105.16,108.3 2 0
github.com/temporalio/temporal-cloud-offering/billing-service/service.go:111.2,122.16 3 0
github.com/temporalio/temporal-cloud-offering/billing-service/service.go:122.16,125.3 2 0
github.com/temporalio/temporal-cloud-offering/billing-service/service.go:128.2,132.16 2 0
github.com/temporalio/temporal-cloud-offering/billing-service/service.go:132.16,135.3 2 0
github.com/temporalio/temporal-cloud-offering/billing-service/service.go:137.2,138.32 2 0
github.com/temporalio/temporal-cloud-offering/billing-service/service.go:142.82,145.16 3 0
github.com/temporalio/temporal-cloud-offering/billing-service/service.go:145.16,148.3 2 0
github.com/temporalio/temporal-cloud-offering/billing-service/service.go:150.2,154.16 3 0
github.com/temporalio/temporal-cloud-offering/billing-service/service.go:154.16,157.3 2 0
github.com/temporalio/temporal-cloud-offering/billing-service/service.go:159.2,160.32 2 0
github.com/temporalio/temporal-cloud-offering/billing-service/service.go:164.82,167.16 3 0
github.com/temporalio/temporal-cloud-offering/billing-service/service.go:167.16,170.3 2 0
github.com/temporalio/temporal-cloud-offering/billing-service/service.go:172.2,180.16 3 0
github.com/temporalio/temporal-cloud-offering/billing-service/service.go:180.16,183.3 2 0
github.com/temporalio/temporal-cloud-offering/billing-service/service.go:185.2,186.32 2 0
github.com/temporalio/temporal-cloud-offering/billing-service/service.go:190.85,193.16 3 0
github.com/temporalio/temporal-cloud-offering/billing-service/service.go:193.16,196.3 2 0
github.com/temporalio/temporal-cloud-offering/billing-service/service.go:198.2,201.61 2 0
github.com/temporalio/temporal-cloud-offering/billing-service/service.go:201.61,204.3 2 0
github.com/temporalio/temporal-cloud-offering/billing-service/service.go:207.2,214.16 4 0
github.com/temporalio/temporal-cloud-offering/billing-service/service.go:214.16,217.3 2 0
github.com/temporalio/temporal-cloud-offering/billing-service/service.go:220.2,221.24 2 0
github.com/temporalio/temporal-cloud-offering/billing-service/service.go:221.24,230.17 4 0
github.com/temporalio/temporal-cloud-offering/billing-service/service.go:230.17,233.4 2 0
github.com/temporalio/temporal-cloud-offering/billing-service/service.go:234.3,234.23 1 0
github.com/temporalio/temporal-cloud-offering/billing-service/service.go:238.2,244.16 2 0
github.com/temporalio/temporal-cloud-offering/billing-service/service.go:244.16,247.3 2 0
github.com/temporalio/temporal-cloud-offering/billing-service/service.go:249.2,250.67 2 0
github.com/temporalio/temporal-cloud-offering/billing-service/service.go:254.75,257.16 3 0
github.com/temporalio/temporal-cloud-offering/billing-service/service.go:257.16,260.3 2 0
github.com/temporalio/temporal-cloud-offering/billing-service/service.go:263.2,267.20 4 0
github.com/temporalio/temporal-cloud-offering/billing-service/service.go:267.20,269.3 1 0
github.com/temporalio/temporal-cloud-offering/billing-service/service.go:269.8,271.3 1 0
github.com/temporalio/temporal-cloud-offering/billing-service/service.go:272.2,272.18 1 0
github.com/temporalio/temporal-cloud-offering/billing-service/service.go:272.18,274.3 1 0
github.com/temporalio/temporal-cloud-offering/billing-service/service.go:274.8,276.3 1 0
github.com/temporalio/temporal-cloud-offering/billing-service/service.go:278.2,284.16 3 0
github.com/temporalio/temporal-cloud-offering/billing-service/service.go:284.16,287.3 2 0
github.com/temporalio/temporal-cloud-offering/billing-service/service.go:289.2,295.36 6 0
github.com/temporalio/temporal-cloud-offering/billing-service/service.go:299.82,302.16 3 0
github.com/temporalio/temporal-cloud-offering/billing-service/service.go:302.16,305.3 2 0
github.com/temporalio/temporal-cloud-offering/billing-service/service.go:308.2,312.16 3 0
github.com/temporalio/temporal-cloud-offering/billing-service/service.go:312.16,317.3 3 0
github.com/temporalio/temporal-cloud-offering/billing-service/service.go:319.2,325.16 3 0
github.com/temporalio/temporal-cloud-offering/billing-service/service.go:325.16,327.3 1 0
github.com/temporalio/temporal-cloud-offering/billing-service/service.go:329.2,335.36 6 0
github.com/temporalio/temporal-cloud-offering/billing-service/service.go:339.79,342.16 3 0
github.com/temporalio/temporal-cloud-offering/billing-service/service.go:342.16,345.3 2 0
github.com/temporalio/temporal-cloud-offering/billing-service/service.go:347.2,350.16 2 0
github.com/temporalio/temporal-cloud-offering/billing-service/service.go:350.16,353.3 2 0
github.com/temporalio/temporal-cloud-offering/billing-service/service.go:354.2,357.18 3 0
github.com/temporalio/temporal-cloud-offering/billing-service/service.go:357.18,362.3 3 0
github.com/temporalio/temporal-cloud-offering/billing-service/service.go:364.2,365.37 2 0
github.com/temporalio/temporal-cloud-offering/billing-service/service.go:369.77,372.16 3 0
github.com/temporalio/temporal-cloud-offering/billing-service/service.go:372.16,375.3 2 0
github.com/temporalio/temporal-cloud-offering/billing-service/service.go:377.2,383.16 3 0
github.com/temporalio/temporal-cloud-offering/billing-service/service.go:383.16,386.3 2 0
github.com/temporalio/temporal-cloud-offering/billing-service/service.go:388.2,389.32 2 0
github.com/temporalio/temporal-cloud-offering/billing-service/service.go:393.81,396.16 3 0
github.com/temporalio/temporal-cloud-offering/billing-service/service.go:396.16,399.3 2 0
github.com/temporalio/temporal-cloud-offering/billing-service/service.go:401.2,404.16 2 0
github.com/temporalio/temporal-cloud-offering/billing-service/service.go:404.16,407.3 2 0
github.com/temporalio/temporal-cloud-offering/billing-service/service.go:408.2,411.18 3 0
github.com/temporalio/temporal-cloud-offering/billing-service/service.go:411.18,415.3 3 0
github.com/temporalio/temporal-cloud-offering/billing-service/service.go:417.2,418.39 2 0
github.com/temporalio/temporal-cloud-offering/billing-service/service.go:422.82,425.16 3 0
github.com/temporalio/temporal-cloud-offering/billing-service/service.go:425.16,428.3 2 0
github.com/temporalio/temporal-cloud-offering/billing-service/service.go:430.2,435.61 2 0
github.com/temporalio/temporal-cloud-offering/billing-service/service.go:435.61,438.3 2 0
github.com/temporalio/temporal-cloud-offering/billing-service/service.go:440.2,440.28 1 0
github.com/temporalio/temporal-cloud-offering/billing-service/service.go:440.28,442.3 1 0
github.com/temporalio/temporal-cloud-offering/billing-service/service.go:443.2,443.22 1 0
github.com/temporalio/temporal-cloud-offering/billing-service/service.go:443.22,445.3 1 0
github.com/temporalio/temporal-cloud-offering/billing-service/service.go:447.2,462.16 3 0
github.com/temporalio/temporal-cloud-offering/billing-service/service.go:462.16,465.3 2 0
github.com/temporalio/temporal-cloud-offering/billing-service/service.go:469.2,471.31 3 0
github.com/temporalio/temporal-cloud-offering/billing-service/service.go:475.86,477.16 2 0
github.com/temporalio/temporal-cloud-offering/billing-service/service.go:477.16,480.3 2 0
github.com/temporalio/temporal-cloud-offering/billing-service/service.go:482.2,484.16 3 0
github.com/temporalio/temporal-cloud-offering/billing-service/service.go:484.16,487.3 2 0
github.com/temporalio/temporal-cloud-offering/billing-service/service.go:489.2,489.20 1 0
github.com/temporalio/temporal-cloud-offering/billing-service/service.go:490.22,493.41 3 0
github.com/temporalio/temporal-cloud-offering/billing-service/service.go:495.32,498.43 3 0
github.com/temporalio/temporal-cloud-offering/billing-service/service.go:500.39,503.49 3 0
github.com/temporalio/temporal-cloud-offering/billing-service/service.go:506.2,506.30 1 0
github.com/temporalio/temporal-cloud-offering/billing-service/service.go:509.86,514.2 1 0
github.com/temporalio/temporal-cloud-offering/billing-service/service.go:516.88,522.2 1 0
github.com/temporalio/temporal-cloud-offering/billing-service/service.go:524.99,530.2 1 0
github.com/temporalio/temporal-cloud-offering/billing-service/service.go:541.44,548.31 2 0
github.com/temporalio/temporal-cloud-offering/billing-service/service.go:548.31,550.3 1 0
github.com/temporalio/temporal-cloud-offering/billing-service/service.go:551.2,551.23 1 0
github.com/temporalio/temporal-cloud-offering/billing-service/service.go:554.41,562.2 2 0
github.com/temporalio/temporal-cloud-offering/billing-service/service.go:564.46,580.2 8 0
github.com/temporalio/temporal-cloud-offering/billing-service/service.go:582.39,585.25 2 1
github.com/temporalio/temporal-cloud-offering/billing-service/service.go:585.25,586.55 1 1
github.com/temporalio/temporal-cloud-offering/billing-service/service.go:586.55,588.4 1 1
github.com/temporalio/temporal-cloud-offering/billing-service/service.go:588.9,588.34 1 1
github.com/temporalio/temporal-cloud-offering/billing-service/service.go:588.34,590.4 1 1
github.com/temporalio/temporal-cloud-offering/billing-service/service.go:590.9,590.34 1 1
github.com/temporalio/temporal-cloud-offering/billing-service/service.go:590.34,592.4 1 1
github.com/temporalio/temporal-cloud-offering/billing-service/service.go:594.2,594.13 1 1
